#
# There is insufficient memory for the Java Runtime Environment to continue.
# Native memory allocation (malloc) failed to allocate 1194000 bytes for Chunk::new
# Possible reasons:
#   The system is out of physical RAM or swap space
#   The process is running with CompressedOops enabled, and the Java Heap may be blocking the growth of the native heap
# Possible solutions:
#   Reduce memory load on the system
#   Increase physical memory or swap space
#   Check if swap backing store is full
#   Decrease Java heap size (-Xmx/-Xms)
#   Decrease number of Java threads
#   Decrease Java thread stack sizes (-Xss)
#   Set larger code cache with -XX:ReservedCodeCacheSize=
#   JVM is running with Unscaled Compressed Oops mode in which the Java heap is
#     placed in the first 4GB address space. The Java Heap base address is the
#     maximum limit for the native heap growth. Please use -XX:HeapBaseMinAddress
#     to set the Java Heap base and to place the Java Heap above 4GB virtual address.
# This output file may be truncated or incomplete.
#
#  Out of Memory Error (arena.cpp:168), pid=11768, tid=12028
#
# JRE version: OpenJDK Runtime Environment (21.0.2+13) (build 21.0.2+13-58)
# Java VM: OpenJDK 64-Bit Server VM (21.0.2+13-58, mixed mode, sharing, tiered, compressed oops, compressed class ptrs, g1 gc, windows-amd64)
# No core dump will be written. Minidumps are not enabled by default on client versions of Windows
#

---------------  S U M M A R Y ------------

Command Line: -Dmaven.multiModuleProjectDirectory=C:\Java projects\prime -Djansi.passthrough=true -Dmaven.home=C:\Users\arjun\.m2\wrapper\dists\apache-maven-3.9.9-bin\4nf9hui3q3djbarqar9g711ggc\apache-maven-3.9.9 -Dclassworlds.conf=C:\Users\arjun\.m2\wrapper\dists\apache-maven-3.9.9-bin\4nf9hui3q3djbarqar9g711ggc\apache-maven-3.9.9\bin\m2.conf -Dmaven.ext.class.path=C:\Program Files\JetBrains\IntelliJ IDEA Community Edition 2023.1\plugins\maven\lib\maven-event-listener.jar -javaagent:C:\Program Files\JetBrains\IntelliJ IDEA Community Edition 2023.1\lib\idea_rt.jar=61009:C:\Program Files\JetBrains\IntelliJ IDEA Community Edition 2023.1\bin -Dfile.encoding=UTF-8 -Dsun.stdout.encoding=UTF-8 -Dsun.stderr.encoding=UTF-8 org.codehaus.classworlds.Launcher -Didea.version=2023.1 clean install

Host: AMD Ryzen 3 3300U with Radeon Vega Mobile Gfx  , 4 cores, 5G,  Windows 10 , 64 bit Build 19041 (10.0.19041.5072)
Time: Thu Dec 12 17:14:39 2024 India Standard Time elapsed time: 13.037501 seconds (0d 0h 0m 13s)

---------------  T H R E A D  ---------------

Current thread (0x000001b67ebea5f0):  JavaThread "C2 CompilerThread1" daemon [_thread_in_native, id=12028, stack(0x0000005c40800000,0x0000005c40900000) (1024K)]


Current CompileTask:
C2:  13037 7995   !   4       com.google.inject.spi.InjectionPoint::getInjectionPoints (491 bytes)

Stack: [0x0000005c40800000,0x0000005c40900000]
Native frames: (J=compiled Java code, j=interpreted, Vv=VM code, C=native code)
V  [jvm.dll+0x6cade9]
V  [jvm.dll+0x8569c1]
V  [jvm.dll+0x858d2e]
V  [jvm.dll+0x859413]
V  [jvm.dll+0x280e56]
V  [jvm.dll+0xc3f3d]
V  [jvm.dll+0xc4473]
V  [jvm.dll+0x3b5c2c]
V  [jvm.dll+0x1e2013]
V  [jvm.dll+0x249d22]
V  [jvm.dll+0x2491b1]
V  [jvm.dll+0x1c9634]
V  [jvm.dll+0x258859]
V  [jvm.dll+0x256e3a]
V  [jvm.dll+0x3ef6c6]
V  [jvm.dll+0x7ff568]
V  [jvm.dll+0x6c953d]
C  [ucrtbase.dll+0x21bb2]
C  [KERNEL32.DLL+0x17374]
C  [ntdll.dll+0x4cc91]


---------------  P R O C E S S  ---------------

Threads class SMR info:
_java_thread_list=0x000001b604c80140, length=14, elements={
0x000001b61efa0eb0, 0x000001b63c710100, 0x000001b63c7111d0, 0x000001b63c716fb0,
0x000001b63c717a10, 0x000001b63c718470, 0x000001b63c718ed0, 0x000001b63c719c60,
0x000001b63c71b1f0, 0x000001b63c6ddee0, 0x000001b63ca92e30, 0x000001b63ca94690,
0x000001b67ebea5f0, 0x000001b67eef7de0
}

Java Threads: ( => current thread )
  0x000001b61efa0eb0 JavaThread "main"                              [_thread_in_native, id=16728, stack(0x0000005c3f200000,0x0000005c3f300000) (1024K)]
  0x000001b63c710100 JavaThread "Reference Handler"          daemon [_thread_blocked, id=6880, stack(0x0000005c3fa00000,0x0000005c3fb00000) (1024K)]
  0x000001b63c7111d0 JavaThread "Finalizer"                  daemon [_thread_blocked, id=15660, stack(0x0000005c3fb00000,0x0000005c3fc00000) (1024K)]
  0x000001b63c716fb0 JavaThread "Signal Dispatcher"          daemon [_thread_blocked, id=7120, stack(0x0000005c3fc00000,0x0000005c3fd00000) (1024K)]
  0x000001b63c717a10 JavaThread "Attach Listener"            daemon [_thread_blocked, id=392, stack(0x0000005c3fd00000,0x0000005c3fe00000) (1024K)]
  0x000001b63c718470 JavaThread "Service Thread"             daemon [_thread_blocked, id=15912, stack(0x0000005c3fe00000,0x0000005c3ff00000) (1024K)]
  0x000001b63c718ed0 JavaThread "Monitor Deflation Thread"   daemon [_thread_blocked, id=12304, stack(0x0000005c3ff00000,0x0000005c40000000) (1024K)]
  0x000001b63c719c60 JavaThread "C2 CompilerThread0"         daemon [_thread_in_native, id=4540, stack(0x0000005c40000000,0x0000005c40100000) (1024K)]
  0x000001b63c71b1f0 JavaThread "C1 CompilerThread0"         daemon [_thread_in_native, id=14064, stack(0x0000005c40100000,0x0000005c40200000) (1024K)]
  0x000001b63c6ddee0 JavaThread "Common-Cleaner"             daemon [_thread_blocked, id=10772, stack(0x0000005c40200000,0x0000005c40300000) (1024K)]
  0x000001b63ca92e30 JavaThread "Monitor Ctrl-Break"         daemon [_thread_in_native, id=4564, stack(0x0000005c40300000,0x0000005c40400000) (1024K)]
  0x000001b63ca94690 JavaThread "Notification Thread"        daemon [_thread_blocked, id=12864, stack(0x0000005c40400000,0x0000005c40500000) (1024K)]
=>0x000001b67ebea5f0 JavaThread "C2 CompilerThread1"         daemon [_thread_in_native, id=12028, stack(0x0000005c40800000,0x0000005c40900000) (1024K)]
  0x000001b67eef7de0 JavaThread "Thread-1"                   daemon [_thread_blocked, id=14468, stack(0x0000005c40900000,0x0000005c40a00000) (1024K)]
Total: 14

Other Threads:
  0x000001b63c6f59e0 VMThread "VM Thread"                           [id=9448, stack(0x0000005c3f900000,0x0000005c3fa00000) (1024K)]
  0x000001b63c6ddb60 WatcherThread "VM Periodic Task Thread"        [id=6536, stack(0x0000005c3f800000,0x0000005c3f900000) (1024K)]
  0x000001b6210a58b0 WorkerThread "GC Thread#0"                     [id=10584, stack(0x0000005c3f300000,0x0000005c3f400000) (1024K)]
  0x000001b67e482730 WorkerThread "GC Thread#1"                     [id=10920, stack(0x0000005c40500000,0x0000005c40600000) (1024K)]
  0x000001b67e4013b0 WorkerThread "GC Thread#2"                     [id=14676, stack(0x0000005c40600000,0x0000005c40700000) (1024K)]
  0x000001b67e7de930 WorkerThread "GC Thread#3"                     [id=12712, stack(0x0000005c40700000,0x0000005c40800000) (1024K)]
  0x000001b6210b27d0 ConcurrentGCThread "G1 Main Marker"            [id=8188, stack(0x0000005c3f400000,0x0000005c3f500000) (1024K)]
  0x000001b6210b3980 WorkerThread "G1 Conc#0"                       [id=3944, stack(0x0000005c3f500000,0x0000005c3f600000) (1024K)]
  0x000001b62111fd60 ConcurrentGCThread "G1 Refine#0"               [id=13676, stack(0x0000005c3f600000,0x0000005c3f700000) (1024K)]
  0x000001b6211207e0 ConcurrentGCThread "G1 Service"                [id=6200, stack(0x0000005c3f700000,0x0000005c3f800000) (1024K)]
Total: 10

Threads with active compile tasks:
C2 CompilerThread0    13077 7932       4       org.codehaus.plexus.classworlds.realm.ClassRealm::loadClass (7 bytes)
C1 CompilerThread0    13077 8209   !   2       java.util.jar.JarFile::getBytes (218 bytes)
C2 CompilerThread1    13077 7995   !   4       com.google.inject.spi.InjectionPoint::getInjectionPoints (491 bytes)
Total: 3

VM state: not at safepoint (normal execution)

VM Mutex/Monitor currently owned by a thread: None

Heap address: 0x00000000a0c00000, size: 1524 MB, Compressed Oops mode: 32-bit

CDS archive(s) mapped at: [0x000001b63d000000-0x000001b63dc90000-0x000001b63dc90000), size 13172736, SharedBaseAddress: 0x000001b63d000000, ArchiveRelocationMode: 1.
Compressed class space mapped at: 0x000001b63e000000-0x000001b67e000000, reserved size: 1073741824
Narrow klass base: 0x000001b63d000000, Narrow klass shift: 0, Narrow klass range: 0x100000000

GC Precious Log:
 CardTable entry size: 512
 Card Set container configuration: InlinePtr #cards 5 size 8 Array Of Cards #cards 12 size 40 Howl #buckets 4 coarsen threshold 1843 Howl Bitmap #cards 512 size 80 coarsen threshold 460 Card regions per heap region 1 cards per card region 2048
 CPUs: 4 total, 4 available
 Memory: 6090M
 Large Page Support: Disabled
 NUMA Support: Disabled
 Compressed Oops: Enabled (32-bit)
 Heap Region Size: 1M
 Heap Min Capacity: 8M
 Heap Initial Capacity: 96M
 Heap Max Capacity: 1524M
 Pre-touch: Disabled
 Parallel Workers: 4
 Concurrent Workers: 1
 Concurrent Refinement Workers: 4
 Periodic GC: Disabled

Heap:
 garbage-first heap   total 117760K, used 88234K [0x00000000a0c00000, 0x0000000100000000)
  region size 1024K, 25 young (25600K), 4 survivors (4096K)
 Metaspace       used 35727K, committed 36352K, reserved 1114112K
  class space    used 4051K, committed 4352K, reserved 1048576K

Heap Regions: E=young(eden), S=young(survivor), O=old, HS=humongous(starts), HC=humongous(continues), CS=collection set, F=free, TAMS=top-at-mark-start, PB=parsable bottom
|   0|0x00000000a0c00000, 0x00000000a0d00000, 0x00000000a0d00000|100%| O|  |TAMS 0x00000000a0c00000| PB 0x00000000a0c00000| Untracked 
|   1|0x00000000a0d00000, 0x00000000a0e00000, 0x00000000a0e00000|100%| O|  |TAMS 0x00000000a0d00000| PB 0x00000000a0d00000| Untracked 
|   2|0x00000000a0e00000, 0x00000000a0f00000, 0x00000000a0f00000|100%| O|  |TAMS 0x00000000a0e00000| PB 0x00000000a0e00000| Untracked 
|   3|0x00000000a0f00000, 0x00000000a1000000, 0x00000000a1000000|100%| O|  |TAMS 0x00000000a0f00000| PB 0x00000000a0f00000| Untracked 
|   4|0x00000000a1000000, 0x00000000a1100000, 0x00000000a1100000|100%| O|  |TAMS 0x00000000a1000000| PB 0x00000000a1000000| Untracked 
|   5|0x00000000a1100000, 0x00000000a1200000, 0x00000000a1200000|100%| O|  |TAMS 0x00000000a1100000| PB 0x00000000a1100000| Untracked 
|   6|0x00000000a1200000, 0x00000000a1300000, 0x00000000a1300000|100%| O|  |TAMS 0x00000000a1200000| PB 0x00000000a1200000| Untracked 
|   7|0x00000000a1300000, 0x00000000a1400000, 0x00000000a1400000|100%| O|  |TAMS 0x00000000a1300000| PB 0x00000000a1300000| Untracked 
|   8|0x00000000a1400000, 0x00000000a1500000, 0x00000000a1500000|100%| O|  |TAMS 0x00000000a1400000| PB 0x00000000a1400000| Untracked 
|   9|0x00000000a1500000, 0x00000000a1600000, 0x00000000a1600000|100%| O|  |TAMS 0x00000000a1500000| PB 0x00000000a1500000| Untracked 
|  10|0x00000000a1600000, 0x00000000a1700000, 0x00000000a1700000|100%| O|  |TAMS 0x00000000a1600000| PB 0x00000000a1600000| Untracked 
|  11|0x00000000a1700000, 0x00000000a1800000, 0x00000000a1800000|100%| O|  |TAMS 0x00000000a1700000| PB 0x00000000a1700000| Untracked 
|  12|0x00000000a1800000, 0x00000000a1900000, 0x00000000a1900000|100%| O|  |TAMS 0x00000000a1800000| PB 0x00000000a1800000| Untracked 
|  13|0x00000000a1900000, 0x00000000a1a00000, 0x00000000a1a00000|100%| O|  |TAMS 0x00000000a1900000| PB 0x00000000a1900000| Untracked 
|  14|0x00000000a1a00000, 0x00000000a1b00000, 0x00000000a1b00000|100%|HS|  |TAMS 0x00000000a1a00000| PB 0x00000000a1a00000| Complete 
|  15|0x00000000a1b00000, 0x00000000a1c00000, 0x00000000a1c00000|100%|HS|  |TAMS 0x00000000a1b00000| PB 0x00000000a1b00000| Complete 
|  16|0x00000000a1c00000, 0x00000000a1d00000, 0x00000000a1d00000|100%|HC|  |TAMS 0x00000000a1c00000| PB 0x00000000a1c00000| Complete 
|  17|0x00000000a1d00000, 0x00000000a1e00000, 0x00000000a1e00000|100%|HS|  |TAMS 0x00000000a1d00000| PB 0x00000000a1d00000| Complete 
|  18|0x00000000a1e00000, 0x00000000a1f00000, 0x00000000a1f00000|100%|HC|  |TAMS 0x00000000a1e00000| PB 0x00000000a1e00000| Complete 
|  19|0x00000000a1f00000, 0x00000000a2000000, 0x00000000a2000000|100%| O|  |TAMS 0x00000000a1f00000| PB 0x00000000a1f00000| Untracked 
|  20|0x00000000a2000000, 0x00000000a2100000, 0x00000000a2100000|100%| O|  |TAMS 0x00000000a2000000| PB 0x00000000a2000000| Untracked 
|  21|0x00000000a2100000, 0x00000000a2200000, 0x00000000a2200000|100%| O|  |TAMS 0x00000000a2100000| PB 0x00000000a2100000| Untracked 
|  22|0x00000000a2200000, 0x00000000a2300000, 0x00000000a2300000|100%| O|Cm|TAMS 0x00000000a2200000| PB 0x00000000a2200000| Complete 
|  23|0x00000000a2300000, 0x00000000a2400000, 0x00000000a2400000|100%| O|  |TAMS 0x00000000a2300000| PB 0x00000000a2300000| Untracked 
|  24|0x00000000a2400000, 0x00000000a2500000, 0x00000000a2500000|100%| O|  |TAMS 0x00000000a2400000| PB 0x00000000a2400000| Untracked 
|  25|0x00000000a2500000, 0x00000000a2600000, 0x00000000a2600000|100%| O|  |TAMS 0x00000000a2500000| PB 0x00000000a2500000| Untracked 
|  26|0x00000000a2600000, 0x00000000a2700000, 0x00000000a2700000|100%| O|  |TAMS 0x00000000a2600000| PB 0x00000000a2600000| Untracked 
|  27|0x00000000a2700000, 0x00000000a2800000, 0x00000000a2800000|100%| O|  |TAMS 0x00000000a2700000| PB 0x00000000a2700000| Untracked 
|  28|0x00000000a2800000, 0x00000000a2900000, 0x00000000a2900000|100%|HS|  |TAMS 0x00000000a2800000| PB 0x00000000a2800000| Complete 
|  29|0x00000000a2900000, 0x00000000a2a00000, 0x00000000a2a00000|100%|HC|  |TAMS 0x00000000a2900000| PB 0x00000000a2900000| Complete 
|  30|0x00000000a2a00000, 0x00000000a2b00000, 0x00000000a2b00000|100%|HC|  |TAMS 0x00000000a2a00000| PB 0x00000000a2a00000| Complete 
|  31|0x00000000a2b00000, 0x00000000a2c00000, 0x00000000a2c00000|100%|HS|  |TAMS 0x00000000a2b00000| PB 0x00000000a2b00000| Complete 
|  32|0x00000000a2c00000, 0x00000000a2d00000, 0x00000000a2d00000|100%|HC|  |TAMS 0x00000000a2c00000| PB 0x00000000a2c00000| Complete 
|  33|0x00000000a2d00000, 0x00000000a2e00000, 0x00000000a2e00000|100%|HC|  |TAMS 0x00000000a2d00000| PB 0x00000000a2d00000| Complete 
|  34|0x00000000a2e00000, 0x00000000a2ebdf18, 0x00000000a2f00000| 74%| O|  |TAMS 0x00000000a2e00000| PB 0x00000000a2e00000| Untracked 
|  35|0x00000000a2f00000, 0x00000000a3000000, 0x00000000a3000000|100%| O|  |TAMS 0x00000000a2f00000| PB 0x00000000a2f00000| Untracked 
|  36|0x00000000a3000000, 0x00000000a3100000, 0x00000000a3100000|100%| O|Cm|TAMS 0x00000000a3000000| PB 0x00000000a3000000| Complete 
|  37|0x00000000a3100000, 0x00000000a3200000, 0x00000000a3200000|100%| O|Cm|TAMS 0x00000000a3100000| PB 0x00000000a3100000| Complete 
|  38|0x00000000a3200000, 0x00000000a3300000, 0x00000000a3300000|100%| O|Cm|TAMS 0x00000000a3200000| PB 0x00000000a3200000| Complete 
|  39|0x00000000a3300000, 0x00000000a3400000, 0x00000000a3400000|100%| O|Cm|TAMS 0x00000000a3300000| PB 0x00000000a3300000| Complete 
|  40|0x00000000a3400000, 0x00000000a3500000, 0x00000000a3500000|100%| O|  |TAMS 0x00000000a3400000| PB 0x00000000a3400000| Untracked 
|  41|0x00000000a3500000, 0x00000000a3600000, 0x00000000a3600000|100%| O|  |TAMS 0x00000000a3500000| PB 0x00000000a3500000| Untracked 
|  42|0x00000000a3600000, 0x00000000a3700000, 0x00000000a3700000|100%| O|  |TAMS 0x00000000a3600000| PB 0x00000000a3600000| Untracked 
|  43|0x00000000a3700000, 0x00000000a3800000, 0x00000000a3800000|100%|HS|  |TAMS 0x00000000a3700000| PB 0x00000000a3700000| Complete 
|  44|0x00000000a3800000, 0x00000000a3900000, 0x00000000a3900000|100%|HC|  |TAMS 0x00000000a3800000| PB 0x00000000a3800000| Complete 
|  45|0x00000000a3900000, 0x00000000a3a00000, 0x00000000a3a00000|100%|HC|  |TAMS 0x00000000a3900000| PB 0x00000000a3900000| Complete 
|  46|0x00000000a3a00000, 0x00000000a3b00000, 0x00000000a3b00000|100%|HS|  |TAMS 0x00000000a3a00000| PB 0x00000000a3a00000| Complete 
|  47|0x00000000a3b00000, 0x00000000a3c00000, 0x00000000a3c00000|100%|HC|  |TAMS 0x00000000a3b00000| PB 0x00000000a3b00000| Complete 
|  48|0x00000000a3c00000, 0x00000000a3d00000, 0x00000000a3d00000|100%|HC|  |TAMS 0x00000000a3c00000| PB 0x00000000a3c00000| Complete 
|  49|0x00000000a3d00000, 0x00000000a3e00000, 0x00000000a3e00000|100%|HS|  |TAMS 0x00000000a3d00000| PB 0x00000000a3d00000| Complete 
|  50|0x00000000a3e00000, 0x00000000a3f00000, 0x00000000a3f00000|100%|HC|  |TAMS 0x00000000a3e00000| PB 0x00000000a3e00000| Complete 
|  51|0x00000000a3f00000, 0x00000000a4000000, 0x00000000a4000000|100%|HC|  |TAMS 0x00000000a3f00000| PB 0x00000000a3f00000| Complete 
|  52|0x00000000a4000000, 0x00000000a4100000, 0x00000000a4100000|100%|HS|  |TAMS 0x00000000a4000000| PB 0x00000000a4000000| Complete 
|  53|0x00000000a4100000, 0x00000000a4200000, 0x00000000a4200000|100%|HC|  |TAMS 0x00000000a4100000| PB 0x00000000a4100000| Complete 
|  54|0x00000000a4200000, 0x00000000a4300000, 0x00000000a4300000|100%|HC|  |TAMS 0x00000000a4200000| PB 0x00000000a4200000| Complete 
|  55|0x00000000a4300000, 0x00000000a4400000, 0x00000000a4400000|100%|HS|  |TAMS 0x00000000a4300000| PB 0x00000000a4300000| Complete 
|  56|0x00000000a4400000, 0x00000000a4500000, 0x00000000a4500000|100%|HC|  |TAMS 0x00000000a4400000| PB 0x00000000a4400000| Complete 
|  57|0x00000000a4500000, 0x00000000a4600000, 0x00000000a4600000|100%|HC|  |TAMS 0x00000000a4500000| PB 0x00000000a4500000| Complete 
|  58|0x00000000a4600000, 0x00000000a4700000, 0x00000000a4700000|100%|HS|  |TAMS 0x00000000a4600000| PB 0x00000000a4600000| Complete 
|  59|0x00000000a4700000, 0x00000000a4800000, 0x00000000a4800000|100%|HC|  |TAMS 0x00000000a4700000| PB 0x00000000a4700000| Complete 
|  60|0x00000000a4800000, 0x00000000a4900000, 0x00000000a4900000|100%|HC|  |TAMS 0x00000000a4800000| PB 0x00000000a4800000| Complete 
|  61|0x00000000a4900000, 0x00000000a4900000, 0x00000000a4a00000|  0%| F|  |TAMS 0x00000000a4900000| PB 0x00000000a4900000| Untracked 
|  62|0x00000000a4a00000, 0x00000000a4a00000, 0x00000000a4b00000|  0%| F|  |TAMS 0x00000000a4a00000| PB 0x00000000a4a00000| Untracked 
|  63|0x00000000a4b00000, 0x00000000a4b00000, 0x00000000a4c00000|  0%| F|  |TAMS 0x00000000a4b00000| PB 0x00000000a4b00000| Untracked 
|  64|0x00000000a4c00000, 0x00000000a4c00000, 0x00000000a4d00000|  0%| F|  |TAMS 0x00000000a4c00000| PB 0x00000000a4c00000| Untracked 
|  65|0x00000000a4d00000, 0x00000000a4d00000, 0x00000000a4e00000|  0%| F|  |TAMS 0x00000000a4d00000| PB 0x00000000a4d00000| Untracked 
|  66|0x00000000a4e00000, 0x00000000a4e00000, 0x00000000a4f00000|  0%| F|  |TAMS 0x00000000a4e00000| PB 0x00000000a4e00000| Untracked 
|  67|0x00000000a4f00000, 0x00000000a4f00000, 0x00000000a5000000|  0%| F|  |TAMS 0x00000000a4f00000| PB 0x00000000a4f00000| Untracked 
|  68|0x00000000a5000000, 0x00000000a5000000, 0x00000000a5100000|  0%| F|  |TAMS 0x00000000a5000000| PB 0x00000000a5000000| Untracked 
|  69|0x00000000a5100000, 0x00000000a5100000, 0x00000000a5200000|  0%| F|  |TAMS 0x00000000a5100000| PB 0x00000000a5100000| Untracked 
|  70|0x00000000a5200000, 0x00000000a5200000, 0x00000000a5300000|  0%| F|  |TAMS 0x00000000a5200000| PB 0x00000000a5200000| Untracked 
|  71|0x00000000a5300000, 0x00000000a5300000, 0x00000000a5400000|  0%| F|  |TAMS 0x00000000a5300000| PB 0x00000000a5300000| Untracked 
|  72|0x00000000a5400000, 0x00000000a5400000, 0x00000000a5500000|  0%| F|  |TAMS 0x00000000a5400000| PB 0x00000000a5400000| Untracked 
|  73|0x00000000a5500000, 0x00000000a5500000, 0x00000000a5600000|  0%| F|  |TAMS 0x00000000a5500000| PB 0x00000000a5500000| Untracked 
|  74|0x00000000a5600000, 0x00000000a5600000, 0x00000000a5700000|  0%| F|  |TAMS 0x00000000a5600000| PB 0x00000000a5600000| Untracked 
|  75|0x00000000a5700000, 0x00000000a5700000, 0x00000000a5800000|  0%| F|  |TAMS 0x00000000a5700000| PB 0x00000000a5700000| Untracked 
|  76|0x00000000a5800000, 0x00000000a5800000, 0x00000000a5900000|  0%| F|  |TAMS 0x00000000a5800000| PB 0x00000000a5800000| Untracked 
|  77|0x00000000a5900000, 0x00000000a5900000, 0x00000000a5a00000|  0%| F|  |TAMS 0x00000000a5900000| PB 0x00000000a5900000| Untracked 
|  78|0x00000000a5a00000, 0x00000000a5a00000, 0x00000000a5b00000|  0%| F|  |TAMS 0x00000000a5a00000| PB 0x00000000a5a00000| Untracked 
|  79|0x00000000a5b00000, 0x00000000a5b00000, 0x00000000a5c00000|  0%| F|  |TAMS 0x00000000a5b00000| PB 0x00000000a5b00000| Untracked 
|  80|0x00000000a5c00000, 0x00000000a5c00000, 0x00000000a5d00000|  0%| F|  |TAMS 0x00000000a5c00000| PB 0x00000000a5c00000| Untracked 
|  81|0x00000000a5d00000, 0x00000000a5d00000, 0x00000000a5e00000|  0%| F|  |TAMS 0x00000000a5d00000| PB 0x00000000a5d00000| Untracked 
|  82|0x00000000a5e00000, 0x00000000a5e00000, 0x00000000a5f00000|  0%| F|  |TAMS 0x00000000a5e00000| PB 0x00000000a5e00000| Untracked 
|  83|0x00000000a5f00000, 0x00000000a5f00000, 0x00000000a6000000|  0%| F|  |TAMS 0x00000000a5f00000| PB 0x00000000a5f00000| Untracked 
|  84|0x00000000a6000000, 0x00000000a6000000, 0x00000000a6100000|  0%| F|  |TAMS 0x00000000a6000000| PB 0x00000000a6000000| Untracked 
|  85|0x00000000a6100000, 0x00000000a6100000, 0x00000000a6200000|  0%| F|  |TAMS 0x00000000a6100000| PB 0x00000000a6100000| Untracked 
|  86|0x00000000a6200000, 0x00000000a6200000, 0x00000000a6300000|  0%| F|  |TAMS 0x00000000a6200000| PB 0x00000000a6200000| Untracked 
|  87|0x00000000a6300000, 0x00000000a638d888, 0x00000000a6400000| 55%| E|  |TAMS 0x00000000a6300000| PB 0x00000000a6300000| Complete 
|  88|0x00000000a6400000, 0x00000000a6500000, 0x00000000a6500000|100%| E|CS|TAMS 0x00000000a6400000| PB 0x00000000a6400000| Complete 
|  89|0x00000000a6500000, 0x00000000a6600000, 0x00000000a6600000|100%| E|CS|TAMS 0x00000000a6500000| PB 0x00000000a6500000| Complete 
|  90|0x00000000a6600000, 0x00000000a6700000, 0x00000000a6700000|100%| E|CS|TAMS 0x00000000a6600000| PB 0x00000000a6600000| Complete 
|  91|0x00000000a6700000, 0x00000000a6800000, 0x00000000a6800000|100%| E|CS|TAMS 0x00000000a6700000| PB 0x00000000a6700000| Complete 
|  92|0x00000000a6800000, 0x00000000a6900000, 0x00000000a6900000|100%| E|CS|TAMS 0x00000000a6800000| PB 0x00000000a6800000| Complete 
|  93|0x00000000a6900000, 0x00000000a6a00000, 0x00000000a6a00000|100%| E|CS|TAMS 0x00000000a6900000| PB 0x00000000a6900000| Complete 
|  94|0x00000000a6a00000, 0x00000000a6b00000, 0x00000000a6b00000|100%| E|CS|TAMS 0x00000000a6a00000| PB 0x00000000a6a00000| Complete 
|  95|0x00000000a6b00000, 0x00000000a6c00000, 0x00000000a6c00000|100%| E|CS|TAMS 0x00000000a6b00000| PB 0x00000000a6b00000| Complete 
|  96|0x00000000a6c00000, 0x00000000a6d00000, 0x00000000a6d00000|100%| E|CS|TAMS 0x00000000a6c00000| PB 0x00000000a6c00000| Complete 
|  97|0x00000000a6d00000, 0x00000000a6e00000, 0x00000000a6e00000|100%| E|CS|TAMS 0x00000000a6d00000| PB 0x00000000a6d00000| Complete 
|  98|0x00000000a6e00000, 0x00000000a6f00000, 0x00000000a6f00000|100%| E|CS|TAMS 0x00000000a6e00000| PB 0x00000000a6e00000| Complete 
|  99|0x00000000a6f00000, 0x00000000a6f6cb60, 0x00000000a7000000| 42%| S|CS|TAMS 0x00000000a6f00000| PB 0x00000000a6f00000| Complete 
| 100|0x00000000a7000000, 0x00000000a7100000, 0x00000000a7100000|100%| S|CS|TAMS 0x00000000a7000000| PB 0x00000000a7000000| Complete 
| 101|0x00000000a7100000, 0x00000000a7200000, 0x00000000a7200000|100%| S|CS|TAMS 0x00000000a7100000| PB 0x00000000a7100000| Complete 
| 102|0x00000000a7200000, 0x00000000a7300000, 0x00000000a7300000|100%| S|CS|TAMS 0x00000000a7200000| PB 0x00000000a7200000| Complete 
| 103|0x00000000a7300000, 0x00000000a7400000, 0x00000000a7400000|100%| E|CS|TAMS 0x00000000a7300000| PB 0x00000000a7300000| Complete 
| 104|0x00000000a7400000, 0x00000000a7500000, 0x00000000a7500000|100%| E|CS|TAMS 0x00000000a7400000| PB 0x00000000a7400000| Complete 
| 105|0x00000000a7500000, 0x00000000a7600000, 0x00000000a7600000|100%| E|CS|TAMS 0x00000000a7500000| PB 0x00000000a7500000| Complete 
| 106|0x00000000a7600000, 0x00000000a7700000, 0x00000000a7700000|100%| E|CS|TAMS 0x00000000a7600000| PB 0x00000000a7600000| Complete 
| 107|0x00000000a7700000, 0x00000000a7800000, 0x00000000a7800000|100%| E|CS|TAMS 0x00000000a7700000| PB 0x00000000a7700000| Complete 
| 108|0x00000000a7800000, 0x00000000a7900000, 0x00000000a7900000|100%| E|CS|TAMS 0x00000000a7800000| PB 0x00000000a7800000| Complete 
| 109|0x00000000a7900000, 0x00000000a7a00000, 0x00000000a7a00000|100%| E|CS|TAMS 0x00000000a7900000| PB 0x00000000a7900000| Complete 
| 110|0x00000000a7a00000, 0x00000000a7b00000, 0x00000000a7b00000|100%| E|CS|TAMS 0x00000000a7a00000| PB 0x00000000a7a00000| Complete 
| 111|0x00000000a7b00000, 0x00000000a7c00000, 0x00000000a7c00000|100%| E|CS|TAMS 0x00000000a7b00000| PB 0x00000000a7b00000| Complete 
| 112|0x00000000a7c00000, 0x00000000a7d00000, 0x00000000a7d00000|100%| E|CS|TAMS 0x00000000a7c00000| PB 0x00000000a7c00000| Complete 
|1522|0x00000000ffe00000, 0x00000000fff00000, 0x00000000fff00000|100%| O|  |TAMS 0x00000000ffe00000| PB 0x00000000ffe00000| Untracked 
|1523|0x00000000fff00000, 0x0000000100000000, 0x0000000100000000|100%| O|  |TAMS 0x00000000fff00000| PB 0x00000000fff00000| Untracked 

Card table byte_map: [0x000001b6387c0000,0x000001b638ac0000] _byte_map_base: 0x000001b6382ba000

Marking Bits: (CMBitMap*) 0x000001b6210a5ec0
 Bits: [0x000001b638ac0000, 0x000001b63a290000)

Polling page: 0x000001b61eef0000

Metaspace:

Usage:
  Non-class:     30.93 MB used.
      Class:      3.96 MB used.
       Both:     34.89 MB used.

Virtual space:
  Non-class space:       64.00 MB reserved,      31.25 MB ( 49%) committed,  1 nodes.
      Class space:        1.00 GB reserved,       4.25 MB ( <1%) committed,  1 nodes.
             Both:        1.06 GB reserved,      35.50 MB (  3%) committed. 

Chunk freelists:
   Non-Class:  608.00 KB
       Class:  11.59 MB
        Both:  12.19 MB

MaxMetaspaceSize: unlimited
CompressedClassSpaceSize: 1.00 GB
Initial GC threshold: 21.00 MB
Current GC threshold: 58.88 MB
CDS: on
 - commit_granule_bytes: 65536.
 - commit_granule_words: 8192.
 - virtual_space_node_default_size: 8388608.
 - enlarge_chunks_in_place: 1.
 - use_allocation_guard: 0.


Internal statistics:

num_allocs_failed_limit: 3.
num_arena_births: 512.
num_arena_deaths: 0.
num_vsnodes_births: 2.
num_vsnodes_deaths: 0.
num_space_committed: 568.
num_space_uncommitted: 0.
num_chunks_returned_to_freelist: 3.
num_chunks_taken_from_freelist: 1849.
num_chunk_merges: 3.
num_chunk_splits: 1289.
num_chunks_enlarged: 979.
num_inconsistent_stats: 0.

CodeHeap 'non-profiled nmethods': size=120000Kb used=4076Kb max_used=4489Kb free=115923Kb
 bounds [0x000001b630f90000, 0x000001b631400000, 0x000001b6384c0000]
CodeHeap 'profiled nmethods': size=120000Kb used=16655Kb max_used=18680Kb free=103344Kb
 bounds [0x000001b6294c0000, 0x000001b62a700000, 0x000001b6309f0000]
CodeHeap 'non-nmethods': size=5760Kb used=1501Kb max_used=1542Kb free=4258Kb
 bounds [0x000001b6309f0000, 0x000001b630c60000, 0x000001b630f90000]
 total_blobs=7978 nmethods=7400 adapters=482
 compilation: enabled
              stopped_count=0, restarted_count=0
 full_count=0

Compilation events (20 events):
Event: 12.951 Thread 0x000001b63c71b1f0 8197       2       java.lang.CharacterDataLatin1::isDigit (18 bytes)
Event: 12.951 Thread 0x000001b63c71b1f0 nmethod 8197 0x000001b629791290 code [0x000001b629791420, 0x000001b629791550]
Event: 12.951 Thread 0x000001b63c71b1f0 8194       2       java.lang.Long::parseLong (7 bytes)
Event: 12.951 Thread 0x000001b63c71b1f0 nmethod 8194 0x000001b62979fb90 code [0x000001b62979fd40, 0x000001b62979fe48]
Event: 12.951 Thread 0x000001b63c71b1f0 8196       2       org.apache.maven.artifact.DefaultArtifact::getId (30 bytes)
Event: 12.952 Thread 0x000001b63c71b1f0 nmethod 8196 0x000001b6295f7e10 code [0x000001b6295f8020, 0x000001b6295f83a8]
Event: 12.952 Thread 0x000001b63c71b1f0 8199       1       org.apache.maven.artifact.DefaultArtifact::getClassifier (5 bytes)
Event: 12.952 Thread 0x000001b63c71b1f0 nmethod 8199 0x000001b631008590 code [0x000001b631008720, 0x000001b6310087e8]
Event: 12.978 Thread 0x000001b63c71b1f0 8200       2       com.google.inject.internal.BindingBuilder::toProvider (6 bytes)
Event: 12.978 Thread 0x000001b63c71b1f0 nmethod 8200 0x000001b6297be590 code [0x000001b6297be740, 0x000001b6297be868]
Event: 12.978 Thread 0x000001b63c71b1f0 8201       2       com.google.inject.internal.BindingBuilder::toProvider (6 bytes)
Event: 12.978 Thread 0x000001b63c71b1f0 nmethod 8201 0x000001b62984a290 code [0x000001b62984a440, 0x000001b62984a568]
Event: 12.978 Thread 0x000001b63c71b1f0 8202       2       sun.reflect.generics.reflectiveObjects.TypeVariableImpl::hashCode (18 bytes)
Event: 12.978 Thread 0x000001b63c71b1f0 nmethod 8202 0x000001b62988f610 code [0x000001b62988f7c0, 0x000001b62988f940]
Event: 12.985 Thread 0x000001b63c71b1f0 8203       2       java.util.jar.Manifest::read (411 bytes)
Event: 12.987 Thread 0x000001b63c71b1f0 nmethod 8203 0x000001b62957a110 code [0x000001b62957a4c0, 0x000001b62957b920]
Event: 13.001 Thread 0x000001b63c71b1f0 8204       2       java.util.jar.Attributes::<init> (7 bytes)
Event: 13.001 Thread 0x000001b63c71b1f0 nmethod 8204 0x000001b6298f1110 code [0x000001b6298f12c0, 0x000001b6298f1438]
Event: 13.026 Thread 0x000001b63c71b1f0 8205       2       java.util.jar.Manifest::<init> (38 bytes)
Event: 13.027 Thread 0x000001b63c71b1f0 nmethod 8205 0x000001b629812e90 code [0x000001b629813060, 0x000001b629813420]

GC Heap History (20 events):
Event: 1.388 GC heap before
{Heap before GC invocations=1 (full 0):
 garbage-first heap   total 98304K, used 19712K [0x00000000a0c00000, 0x0000000100000000)
  region size 1024K, 18 young (18432K), 2 survivors (2048K)
 Metaspace       used 6665K, committed 6912K, reserved 1114112K
  class space    used 765K, committed 896K, reserved 1048576K
}
Event: 1.395 GC heap after
{Heap after GC invocations=2 (full 0):
 garbage-first heap   total 98304K, used 4880K [0x00000000a0c00000, 0x0000000100000000)
  region size 1024K, 2 young (2048K), 2 survivors (2048K)
 Metaspace       used 6665K, committed 6912K, reserved 1114112K
  class space    used 765K, committed 896K, reserved 1048576K
}
Event: 3.444 GC heap before
{Heap before GC invocations=2 (full 0):
 garbage-first heap   total 98304K, used 60176K [0x00000000a0c00000, 0x0000000100000000)
  region size 1024K, 57 young (58368K), 2 survivors (2048K)
 Metaspace       used 15774K, committed 16000K, reserved 1114112K
  class space    used 1868K, committed 1984K, reserved 1048576K
}
Event: 3.462 GC heap after
{Heap after GC invocations=3 (full 0):
 garbage-first heap   total 98304K, used 9642K [0x00000000a0c00000, 0x0000000100000000)
  region size 1024K, 6 young (6144K), 6 survivors (6144K)
 Metaspace       used 15774K, committed 16000K, reserved 1114112K
  class space    used 1868K, committed 1984K, reserved 1048576K
}
Event: 4.845 GC heap before
{Heap before GC invocations=3 (full 0):
 garbage-first heap   total 98304K, used 61866K [0x00000000a0c00000, 0x0000000100000000)
  region size 1024K, 57 young (58368K), 6 survivors (6144K)
 Metaspace       used 16821K, committed 17088K, reserved 1114112K
  class space    used 1939K, committed 2048K, reserved 1048576K
}
Event: 4.869 GC heap after
{Heap after GC invocations=4 (full 0):
 garbage-first heap   total 98304K, used 14785K [0x00000000a0c00000, 0x0000000100000000)
  region size 1024K, 6 young (6144K), 6 survivors (6144K)
 Metaspace       used 16821K, committed 17088K, reserved 1114112K
  class space    used 1939K, committed 2048K, reserved 1048576K
}
Event: 6.456 GC heap before
{Heap before GC invocations=4 (full 0):
 garbage-first heap   total 98304K, used 67009K [0x00000000a0c00000, 0x0000000100000000)
  region size 1024K, 57 young (58368K), 6 survivors (6144K)
 Metaspace       used 18807K, committed 19136K, reserved 1114112K
  class space    used 2095K, committed 2240K, reserved 1048576K
}
Event: 6.470 GC heap after
{Heap after GC invocations=5 (full 0):
 garbage-first heap   total 98304K, used 17189K [0x00000000a0c00000, 0x0000000100000000)
  region size 1024K, 3 young (3072K), 3 survivors (3072K)
 Metaspace       used 18807K, committed 19136K, reserved 1114112K
  class space    used 2095K, committed 2240K, reserved 1048576K
}
Event: 7.078 GC heap before
{Heap before GC invocations=5 (full 0):
 garbage-first heap   total 98304K, used 34597K [0x00000000a0c00000, 0x0000000100000000)
  region size 1024K, 18 young (18432K), 3 survivors (3072K)
 Metaspace       used 21270K, committed 21504K, reserved 1114112K
  class space    used 2391K, committed 2496K, reserved 1048576K
}
Event: 7.089 GC heap after
{Heap after GC invocations=6 (full 0):
 garbage-first heap   total 98304K, used 23348K [0x00000000a0c00000, 0x0000000100000000)
  region size 1024K, 7 young (7168K), 7 survivors (7168K)
 Metaspace       used 21270K, committed 21504K, reserved 1114112K
  class space    used 2391K, committed 2496K, reserved 1048576K
}
Event: 8.535 GC heap before
{Heap before GC invocations=7 (full 0):
 garbage-first heap   total 89088K, used 72500K [0x00000000a0c00000, 0x0000000100000000)
  region size 1024K, 52 young (53248K), 7 survivors (7168K)
 Metaspace       used 27955K, committed 28288K, reserved 1114112K
  class space    used 3138K, committed 3328K, reserved 1048576K
}
Event: 8.567 GC heap after
{Heap after GC invocations=8 (full 0):
 garbage-first heap   total 91136K, used 37609K [0x00000000a0c00000, 0x0000000100000000)
  region size 1024K, 7 young (7168K), 7 survivors (7168K)
 Metaspace       used 27955K, committed 28288K, reserved 1114112K
  class space    used 3138K, committed 3328K, reserved 1048576K
}
Event: 9.685 GC heap before
{Heap before GC invocations=8 (full 0):
 garbage-first heap   total 91136K, used 71401K [0x00000000a0c00000, 0x0000000100000000)
  region size 1024K, 41 young (41984K), 7 survivors (7168K)
 Metaspace       used 29971K, committed 30464K, reserved 1114112K
  class space    used 3386K, committed 3584K, reserved 1048576K
}
Event: 9.700 GC heap after
{Heap after GC invocations=9 (full 0):
 garbage-first heap   total 91136K, used 38912K [0x00000000a0c00000, 0x0000000100000000)
  region size 1024K, 2 young (2048K), 2 survivors (2048K)
 Metaspace       used 29971K, committed 30464K, reserved 1114112K
  class space    used 3386K, committed 3584K, reserved 1048576K
}
Event: 11.017 GC heap before
{Heap before GC invocations=9 (full 0):
 garbage-first heap   total 91136K, used 73728K [0x00000000a0c00000, 0x0000000100000000)
  region size 1024K, 36 young (36864K), 2 survivors (2048K)
 Metaspace       used 32101K, committed 32640K, reserved 1114112K
  class space    used 3613K, committed 3840K, reserved 1048576K
}
Event: 11.026 GC heap after
{Heap after GC invocations=10 (full 0):
 garbage-first heap   total 109568K, used 39887K [0x00000000a0c00000, 0x0000000100000000)
  region size 1024K, 3 young (3072K), 3 survivors (3072K)
 Metaspace       used 32101K, committed 32640K, reserved 1114112K
  class space    used 3613K, committed 3840K, reserved 1048576K
}
Event: 12.246 GC heap before
{Heap before GC invocations=10 (full 0):
 garbage-first heap   total 109568K, used 96207K [0x00000000a0c00000, 0x0000000100000000)
  region size 1024K, 50 young (51200K), 3 survivors (3072K)
 Metaspace       used 35229K, committed 35840K, reserved 1114112K
  class space    used 3991K, committed 4288K, reserved 1048576K
}
Event: 12.258 GC heap after
{Heap after GC invocations=11 (full 0):
 garbage-first heap   total 109568K, used 52152K [0x00000000a0c00000, 0x0000000100000000)
  region size 1024K, 6 young (6144K), 6 survivors (6144K)
 Metaspace       used 35229K, committed 35840K, reserved 1114112K
  class space    used 3991K, committed 4288K, reserved 1048576K
}
Event: 12.516 GC heap before
{Heap before GC invocations=11 (full 0):
 garbage-first heap   total 109568K, used 56248K [0x00000000a0c00000, 0x0000000100000000)
  region size 1024K, 8 young (8192K), 6 survivors (6144K)
 Metaspace       used 35473K, committed 36032K, reserved 1114112K
  class space    used 4028K, committed 4288K, reserved 1048576K
}
Event: 12.525 GC heap after
{Heap after GC invocations=12 (full 0):
 garbage-first heap   total 109568K, used 55466K [0x00000000a0c00000, 0x0000000100000000)
  region size 1024K, 4 young (4096K), 4 survivors (4096K)
 Metaspace       used 35473K, committed 36032K, reserved 1114112K
  class space    used 4028K, committed 4288K, reserved 1048576K
}

Dll operation events (12 events):
Event: 0.012 Loaded shared library C:\Users\arjun\.jdks\openjdk-21.0.2\bin\java.dll
Event: 0.109 Loaded shared library C:\Users\arjun\.jdks\openjdk-21.0.2\bin\jsvml.dll
Event: 0.190 Loaded shared library C:\Users\arjun\.jdks\openjdk-21.0.2\bin\zip.dll
Event: 0.195 Loaded shared library C:\Users\arjun\.jdks\openjdk-21.0.2\bin\instrument.dll
Event: 0.201 Loaded shared library C:\Users\arjun\.jdks\openjdk-21.0.2\bin\net.dll
Event: 0.203 Loaded shared library C:\Users\arjun\.jdks\openjdk-21.0.2\bin\nio.dll
Event: 0.209 Loaded shared library C:\Users\arjun\.jdks\openjdk-21.0.2\bin\zip.dll
Event: 0.231 Loaded shared library C:\Program Files\JetBrains\IntelliJ IDEA Community Edition 2023.1\bin\breakgen64.dll
Event: 0.246 Loaded shared library C:\Users\arjun\.jdks\openjdk-21.0.2\bin\extnet.dll
Event: 0.402 Loaded shared library C:\Users\arjun\.jdks\openjdk-21.0.2\bin\jimage.dll
Event: 0.424 Loaded shared library C:\Users\arjun\AppData\Local\Temp\jansi-2.4.1-ba64eab0eb44227f-jansi.dll
Event: 0.442 Loaded shared library C:\Users\arjun\.jdks\openjdk-21.0.2\bin\verify.dll

Deoptimization events (20 events):
Event: 12.145 Thread 0x000001b61efa0eb0 Uncommon trap: trap_request=0xffffffde fr.pc=0x000001b63117c234 relative=0x0000000000001574
Event: 12.145 Thread 0x000001b61efa0eb0 Uncommon trap: reason=class_check action=maybe_recompile pc=0x000001b63117c234 method=org.apache.maven.model.Plugin.clone()Lorg/apache/maven/model/Plugin; @ 94 c2
Event: 12.145 Thread 0x000001b61efa0eb0 DEOPT PACKING pc=0x000001b63117c234 sp=0x0000005c3f2fd800
Event: 12.145 Thread 0x000001b61efa0eb0 DEOPT UNPACKING pc=0x000001b630a446a2 sp=0x0000005c3f2fd800 mode 2
Event: 12.162 Thread 0x000001b61efa0eb0 Uncommon trap: trap_request=0xffffffbe fr.pc=0x000001b631085420 relative=0x0000000000001180
Event: 12.162 Thread 0x000001b61efa0eb0 Uncommon trap: reason=profile_predicate action=maybe_recompile pc=0x000001b631085420 method=java.util.TimSort.binarySort([Ljava/lang/Object;IIILjava/util/Comparator;)V @ 34 c2
Event: 12.162 Thread 0x000001b61efa0eb0 DEOPT PACKING pc=0x000001b631085420 sp=0x0000005c3f2fd9d0
Event: 12.162 Thread 0x000001b61efa0eb0 DEOPT UNPACKING pc=0x000001b630a446a2 sp=0x0000005c3f2fd9a0 mode 2
Event: 12.543 Thread 0x000001b61efa0eb0 Uncommon trap: trap_request=0xfffffff4 fr.pc=0x000001b631263fa4 relative=0x0000000000000264
Event: 12.543 Thread 0x000001b61efa0eb0 Uncommon trap: reason=null_check action=make_not_entrant pc=0x000001b631263fa4 method=java.lang.invoke.MethodType.equals(Ljava/lang/Object;)Z @ 39 c2
Event: 12.543 Thread 0x000001b61efa0eb0 DEOPT PACKING pc=0x000001b631263fa4 sp=0x0000005c3f2fcd00
Event: 12.543 Thread 0x000001b61efa0eb0 DEOPT UNPACKING pc=0x000001b630a446a2 sp=0x0000005c3f2fcca8 mode 2
Event: 12.543 Thread 0x000001b61efa0eb0 Uncommon trap: trap_request=0xffffffde fr.pc=0x000001b6311a7790 relative=0x0000000000000f10
Event: 12.543 Thread 0x000001b61efa0eb0 Uncommon trap: reason=class_check action=maybe_recompile pc=0x000001b6311a7790 method=java.util.concurrent.ConcurrentHashMap.putVal(Ljava/lang/Object;Ljava/lang/Object;Z)Ljava/lang/Object; @ 159 c2
Event: 12.543 Thread 0x000001b61efa0eb0 DEOPT PACKING pc=0x000001b6311a7790 sp=0x0000005c3f2fcc60
Event: 12.543 Thread 0x000001b61efa0eb0 DEOPT UNPACKING pc=0x000001b630a446a2 sp=0x0000005c3f2fcbe0 mode 2
Event: 12.912 Thread 0x000001b61efa0eb0 DEOPT PACKING pc=0x000001b62a0af2e6 sp=0x0000005c3f2fcde0
Event: 12.912 Thread 0x000001b61efa0eb0 DEOPT UNPACKING pc=0x000001b630a44e42 sp=0x0000005c3f2fc360 mode 0
Event: 12.952 Thread 0x000001b61efa0eb0 DEOPT PACKING pc=0x000001b62a24f78e sp=0x0000005c3f2fd460
Event: 12.952 Thread 0x000001b61efa0eb0 DEOPT UNPACKING pc=0x000001b630a44e42 sp=0x0000005c3f2fc948 mode 0

Classes loaded (20 events):
Event: 12.228 Loading class java/util/Collections$UnmodifiableSortedMap
Event: 12.228 Loading class java/util/Collections$UnmodifiableSortedMap done
Event: 12.230 Loading class java/util/zip/Deflater
Event: 12.231 Loading class java/util/zip/Deflater done
Event: 12.232 Loading class java/util/zip/Deflater$DeflaterZStreamRef
Event: 12.232 Loading class java/util/zip/Deflater$DeflaterZStreamRef done
Event: 12.235 Loading class java/io/SequenceInputStream
Event: 12.235 Loading class java/io/SequenceInputStream done
Event: 12.447 Loading class java/io/DataOutputStream
Event: 12.464 Loading class java/io/DataOutputStream done
Event: 12.474 Loading class java/util/concurrent/ThreadPoolExecutor$Worker
Event: 12.477 Loading class java/util/concurrent/ThreadPoolExecutor$Worker done
Event: 12.540 Loading class java/util/concurrent/ConcurrentLinkedQueue$Itr
Event: 12.540 Loading class java/util/concurrent/ConcurrentLinkedQueue$Itr done
Event: 12.550 Loading class java/nio/StringCharBuffer
Event: 12.550 Loading class java/nio/StringCharBuffer done
Event: 12.561 Loading class java/util/concurrent/ConcurrentLinkedDeque$Itr
Event: 12.561 Loading class java/util/concurrent/ConcurrentLinkedDeque$AbstractItr
Event: 12.562 Loading class java/util/concurrent/ConcurrentLinkedDeque$AbstractItr done
Event: 12.562 Loading class java/util/concurrent/ConcurrentLinkedDeque$Itr done

Classes unloaded (0 events):
No events

Classes redefined (0 events):
No events

Internal exceptions (20 events):
Event: 10.850 Thread 0x000001b61efa0eb0 Exception <a 'java/lang/NoSuchMethodError'{0x00000000a435d748}: 'int java.lang.invoke.Invokers$Holder.linkToTargetMethod(java.lang.Object, java.lang.Object, java.lang.Object)'> (0x00000000a435d748) 
thrown [s\open\src\hotspot\share\interpreter\linkResolver.cpp, line 773]
Event: 10.851 Thread 0x000001b61efa0eb0 Exception <a 'sun/nio/fs/WindowsException'{0x00000000a4360ff0}> (0x00000000a4360ff0) 
thrown [s\open\src\hotspot\share\prims\jni.cpp, line 520]
Event: 10.851 Thread 0x000001b61efa0eb0 Exception <a 'sun/nio/fs/WindowsException'{0x00000000a43616b0}> (0x00000000a43616b0) 
thrown [s\open\src\hotspot\share\prims\jni.cpp, line 520]
Event: 10.852 Thread 0x000001b61efa0eb0 Exception <a 'sun/nio/fs/WindowsException'{0x00000000a4362450}> (0x00000000a4362450) 
thrown [s\open\src\hotspot\share\prims\jni.cpp, line 520]
Event: 10.852 Thread 0x000001b61efa0eb0 Exception <a 'sun/nio/fs/WindowsException'{0x00000000a4362b80}> (0x00000000a4362b80) 
thrown [s\open\src\hotspot\share\prims\jni.cpp, line 520]
Event: 10.883 Thread 0x000001b61efa0eb0 Exception <a 'sun/nio/fs/WindowsException'{0x00000000a43fa410}> (0x00000000a43fa410) 
thrown [s\open\src\hotspot\share\prims\jni.cpp, line 520]
Event: 10.883 Thread 0x000001b61efa0eb0 Exception <a 'sun/nio/fs/WindowsException'{0x00000000a43faac8}> (0x00000000a43faac8) 
thrown [s\open\src\hotspot\share\prims\jni.cpp, line 520]
Event: 10.883 Thread 0x000001b61efa0eb0 Exception <a 'sun/nio/fs/WindowsException'{0x00000000a43fb828}> (0x00000000a43fb828) 
thrown [s\open\src\hotspot\share\prims\jni.cpp, line 520]
Event: 10.908 Thread 0x000001b61efa0eb0 Exception <a 'sun/nio/fs/WindowsException'{0x00000000a42798c0}> (0x00000000a42798c0) 
thrown [s\open\src\hotspot\share\prims\jni.cpp, line 520]
Event: 10.908 Thread 0x000001b61efa0eb0 Exception <a 'sun/nio/fs/WindowsException'{0x00000000a4279f78}> (0x00000000a4279f78) 
thrown [s\open\src\hotspot\share\prims\jni.cpp, line 520]
Event: 10.908 Thread 0x000001b61efa0eb0 Exception <a 'sun/nio/fs/WindowsException'{0x00000000a427acd8}> (0x00000000a427acd8) 
thrown [s\open\src\hotspot\share\prims\jni.cpp, line 520]
Event: 11.036 Thread 0x000001b61efa0eb0 Exception <a 'sun/nio/fs/WindowsException'{0x00000000a744eb68}> (0x00000000a744eb68) 
thrown [s\open\src\hotspot\share\prims\jni.cpp, line 520]
Event: 11.036 Thread 0x000001b61efa0eb0 Exception <a 'sun/nio/fs/WindowsException'{0x00000000a744f1b8}> (0x00000000a744f1b8) 
thrown [s\open\src\hotspot\share\prims\jni.cpp, line 520]
Event: 11.043 Thread 0x000001b61efa0eb0 Exception <a 'sun/nio/fs/WindowsException'{0x00000000a74612c8}> (0x00000000a74612c8) 
thrown [s\open\src\hotspot\share\prims\jni.cpp, line 520]
Event: 11.479 Thread 0x000001b67e319a50 Exception <a 'java/lang/NoSuchMethodError'{0x00000000a62a2e18}: 'java.lang.Object java.lang.invoke.DirectMethodHandle$Holder.invokeStatic(java.lang.Object, long, java.lang.Object)'> (0x00000000a62a2e18) 
thrown [s\open\src\hotspot\share\interpreter\linkResolver.cpp, line 773]
Event: 11.480 Thread 0x000001b67e319a50 Exception <a 'java/lang/NoSuchMethodError'{0x00000000a62a61c0}: 'java.lang.Object java.lang.invoke.DirectMethodHandle$Holder.invokeStaticInit(java.lang.Object, long, java.lang.Object)'> (0x00000000a62a61c0) 
thrown [s\open\src\hotspot\share\interpreter\linkResolver.cpp, line 773]
Event: 11.480 Thread 0x000001b67e319a50 Exception <a 'java/lang/NoSuchMethodError'{0x00000000a62ab5b8}: 'java.lang.Object java.lang.invoke.DirectMethodHandle$Holder.newInvokeSpecial(java.lang.Object, long)'> (0x00000000a62ab5b8) 
thrown [s\open\src\hotspot\share\interpreter\linkResolver.cpp, line 773]
Event: 11.496 Thread 0x000001b67e319a50 Exception <a 'java/lang/NoSuchMethodError'{0x00000000a62afd40}: 'long java.lang.invoke.DirectMethodHandle$Holder.invokeInterface(java.lang.Object, java.lang.Object)'> (0x00000000a62afd40) 
thrown [s\open\src\hotspot\share\interpreter\linkResolver.cpp, line 773]
Event: 11.496 Thread 0x000001b67e319a50 Exception <a 'java/lang/NoSuchMethodError'{0x00000000a62b31f8}: 'long java.lang.invoke.DelegatingMethodHandle$Holder.reinvoke_L(java.lang.Object, java.lang.Object)'> (0x00000000a62b31f8) 
thrown [s\open\src\hotspot\share\interpreter\linkResolver.cpp, line 773]
Event: 12.543 Thread 0x000001b61efa0eb0 Implicit null exception at 0x000001b631263db3 to 0x000001b631263f94

ZGC Phase Switch (0 events):
No events

VM Operations (20 events):
Event: 11.922 Executing VM operation: HandshakeAllThreads (Deoptimize)
Event: 11.922 Executing VM operation: HandshakeAllThreads (Deoptimize) done
Event: 12.158 Executing VM operation: HandshakeAllThreads (Deoptimize)
Event: 12.158 Executing VM operation: HandshakeAllThreads (Deoptimize) done
Event: 12.229 Executing VM operation: HandshakeAllThreads (Deoptimize)
Event: 12.229 Executing VM operation: HandshakeAllThreads (Deoptimize) done
Event: 12.246 Executing VM operation: G1TryInitiateConcMark (G1 Humongous Allocation)
Event: 12.284 Executing VM operation: G1TryInitiateConcMark (G1 Humongous Allocation) done
Event: 12.395 Executing VM operation: HandshakeAllThreads (Deoptimize)
Event: 12.395 Executing VM operation: HandshakeAllThreads (Deoptimize) done
Event: 12.516 Executing VM operation: G1TryInitiateConcMark (G1 Humongous Allocation)
Event: 12.529 Executing VM operation: G1TryInitiateConcMark (G1 Humongous Allocation) done
Event: 12.552 Executing VM operation: HandshakeAllThreads (Deoptimize)
Event: 12.552 Executing VM operation: HandshakeAllThreads (Deoptimize) done
Event: 12.555 Executing VM operation: HandshakeAllThreads (Deoptimize)
Event: 12.555 Executing VM operation: HandshakeAllThreads (Deoptimize) done
Event: 12.584 Executing VM operation: G1PauseRemark
Event: 12.594 Executing VM operation: G1PauseRemark done
Event: 12.629 Executing VM operation: G1PauseCleanup
Event: 12.631 Executing VM operation: G1PauseCleanup done

Events (20 events):
Event: 12.594 Thread 0x000001b63c6f59e0 flushing nmethod 0x000001b630fdf790
Event: 12.594 Thread 0x000001b63c6f59e0 flushing nmethod 0x000001b630fd7e90
Event: 12.594 Thread 0x000001b63c6f59e0 flushing nmethod 0x000001b630fd5110
Event: 12.594 Thread 0x000001b63c6f59e0 flushing nmethod 0x000001b630fd3b90
Event: 12.594 Thread 0x000001b63c6f59e0 flushing nmethod 0x000001b630fd2010
Event: 12.594 Thread 0x000001b63c6f59e0 flushing nmethod 0x000001b630fcff10
Event: 12.594 Thread 0x000001b63c6f59e0 flushing nmethod 0x000001b630fce310
Event: 12.594 Thread 0x000001b63c6f59e0 flushing nmethod 0x000001b630fc7510
Event: 12.594 Thread 0x000001b63c6f59e0 flushing nmethod 0x000001b630fc5c90
Event: 12.594 Thread 0x000001b63c6f59e0 flushing nmethod 0x000001b630fc3890
Event: 12.594 Thread 0x000001b63c6f59e0 flushing nmethod 0x000001b630fbd310
Event: 12.594 Thread 0x000001b63c6f59e0 flushing nmethod 0x000001b630fb7810
Event: 12.594 Thread 0x000001b63c6f59e0 flushing nmethod 0x000001b630fb8f10
Event: 12.594 Thread 0x000001b63c6f59e0 flushing nmethod 0x000001b630fab590
Event: 12.594 Thread 0x000001b63c6f59e0 flushing nmethod 0x000001b630fa7b90
Event: 12.594 Thread 0x000001b63c6f59e0 flushing nmethod 0x000001b630fa6d90
Event: 12.594 Thread 0x000001b63c6f59e0 flushing nmethod 0x000001b630faa510
Event: 12.594 Thread 0x000001b63c6f59e0 flushing nmethod 0x000001b630fa9910
Event: 12.594 Thread 0x000001b63c6f59e0 flushing nmethod 0x000001b630fa5d10
Event: 12.594 Thread 0x000001b63c6f59e0 flushing nmethod 0x000001b630f90010


Dynamic libraries:
0x00007ff7e5cf0000 - 0x00007ff7e5cfe000 	C:\Users\arjun\.jdks\openjdk-21.0.2\bin\java.exe
0x00007ffa920f0000 - 0x00007ffa922e8000 	C:\WINDOWS\SYSTEM32\ntdll.dll
0x00007ffa90a60000 - 0x00007ffa90b22000 	C:\WINDOWS\System32\KERNEL32.DLL
0x00007ffa8f920000 - 0x00007ffa8fc1e000 	C:\WINDOWS\System32\KERNELBASE.dll
0x00007ffa8f820000 - 0x00007ffa8f920000 	C:\WINDOWS\System32\ucrtbase.dll
0x00007ffa7f2f0000 - 0x00007ffa7f30b000 	C:\Users\arjun\.jdks\openjdk-21.0.2\bin\VCRUNTIME140.dll
0x00007ffa7f690000 - 0x00007ffa7f6a8000 	C:\Users\arjun\.jdks\openjdk-21.0.2\bin\jli.dll
0x00007ffa90b30000 - 0x00007ffa90ccd000 	C:\WINDOWS\System32\USER32.dll
0x00007ffa8ff40000 - 0x00007ffa8ff62000 	C:\WINDOWS\System32\win32u.dll
0x00007ffa79300000 - 0x00007ffa7959a000 	C:\WINDOWS\WinSxS\amd64_microsoft.windows.common-controls_6595b64144ccf1df_6.0.19041.4355_none_60b8b9eb71f62e16\COMCTL32.dll
0x00007ffa90210000 - 0x00007ffa902ae000 	C:\WINDOWS\System32\msvcrt.dll
0x00007ffa91ba0000 - 0x00007ffa91bcb000 	C:\WINDOWS\System32\GDI32.dll
0x00007ffa8fff0000 - 0x00007ffa90107000 	C:\WINDOWS\System32\gdi32full.dll
0x00007ffa8fd80000 - 0x00007ffa8fe1d000 	C:\WINDOWS\System32\msvcp_win.dll
0x00007ffa90a30000 - 0x00007ffa90a5f000 	C:\WINDOWS\System32\IMM32.DLL
0x00007ffa80180000 - 0x00007ffa8018c000 	C:\Users\arjun\.jdks\openjdk-21.0.2\bin\vcruntime140_1.dll
0x00007ffa63af0000 - 0x00007ffa63b7e000 	C:\Users\arjun\.jdks\openjdk-21.0.2\bin\msvcp140.dll
0x00007ffa50340000 - 0x00007ffa51057000 	C:\Users\arjun\.jdks\openjdk-21.0.2\bin\server\jvm.dll
0x00007ffa91ce0000 - 0x00007ffa91d91000 	C:\WINDOWS\System32\ADVAPI32.dll
0x00007ffa91da0000 - 0x00007ffa91e3f000 	C:\WINDOWS\System32\sechost.dll
0x00007ffa91150000 - 0x00007ffa91273000 	C:\WINDOWS\System32\RPCRT4.dll
0x00007ffa8ffc0000 - 0x00007ffa8ffe7000 	C:\WINDOWS\System32\bcrypt.dll
0x00007ffa916f0000 - 0x00007ffa9175b000 	C:\WINDOWS\System32\WS2_32.dll
0x00007ffa8f5f0000 - 0x00007ffa8f63b000 	C:\WINDOWS\SYSTEM32\POWRPROF.dll
0x00007ffa82e80000 - 0x00007ffa82ea7000 	C:\WINDOWS\SYSTEM32\WINMM.dll
0x00007ffa864a0000 - 0x00007ffa864aa000 	C:\WINDOWS\SYSTEM32\VERSION.dll
0x00007ffa8f5d0000 - 0x00007ffa8f5e2000 	C:\WINDOWS\SYSTEM32\UMPDC.dll
0x00007ffa8d5d0000 - 0x00007ffa8d5e2000 	C:\WINDOWS\SYSTEM32\kernel.appcore.dll
0x00007ffa7fe50000 - 0x00007ffa7fe5a000 	C:\Users\arjun\.jdks\openjdk-21.0.2\bin\jimage.dll
0x00007ffa86cd0000 - 0x00007ffa86eb4000 	C:\WINDOWS\SYSTEM32\DBGHELP.DLL
0x00007ffa749b0000 - 0x00007ffa749e4000 	C:\WINDOWS\SYSTEM32\dbgcore.DLL
0x00007ffa8f790000 - 0x00007ffa8f812000 	C:\WINDOWS\System32\bcryptPrimitives.dll
0x00007ffa7b080000 - 0x00007ffa7b08f000 	C:\Users\arjun\.jdks\openjdk-21.0.2\bin\instrument.dll
0x00007ffa7d5f0000 - 0x00007ffa7d60f000 	C:\Users\arjun\.jdks\openjdk-21.0.2\bin\java.dll
0x00007ffa902c0000 - 0x00007ffa90a2d000 	C:\WINDOWS\System32\SHELL32.dll
0x00007ffa8d7d0000 - 0x00007ffa8df74000 	C:\WINDOWS\SYSTEM32\windows.storage.dll
0x00007ffa90df0000 - 0x00007ffa91143000 	C:\WINDOWS\System32\combase.dll
0x00007ffa8f010000 - 0x00007ffa8f03e000 	C:\WINDOWS\SYSTEM32\Wldp.dll
0x00007ffa91ea0000 - 0x00007ffa91f6d000 	C:\WINDOWS\System32\OLEAUT32.dll
0x00007ffa91bd0000 - 0x00007ffa91c7d000 	C:\WINDOWS\System32\SHCORE.dll
0x00007ffa91760000 - 0x00007ffa917b5000 	C:\WINDOWS\System32\shlwapi.dll
0x00007ffa8f6c0000 - 0x00007ffa8f6e4000 	C:\WINDOWS\SYSTEM32\profapi.dll
0x00007ffa5c670000 - 0x00007ffa5c747000 	C:\Users\arjun\.jdks\openjdk-21.0.2\bin\jsvml.dll
0x00007ffa7b130000 - 0x00007ffa7b148000 	C:\Users\arjun\.jdks\openjdk-21.0.2\bin\zip.dll
0x00007ffa7fb60000 - 0x00007ffa7fb70000 	C:\Users\arjun\.jdks\openjdk-21.0.2\bin\net.dll
0x00007ffa87ef0000 - 0x00007ffa87ffd000 	C:\WINDOWS\SYSTEM32\WINHTTP.dll
0x00007ffa8edf0000 - 0x00007ffa8ee5a000 	C:\WINDOWS\system32\mswsock.dll
0x00007ffa7b150000 - 0x00007ffa7b166000 	C:\Users\arjun\.jdks\openjdk-21.0.2\bin\nio.dll
0x00007ffa78590000 - 0x00007ffa785aa000 	C:\Program Files\JetBrains\IntelliJ IDEA Community Edition 2023.1\bin\breakgen64.dll
0x00007ffa7faf0000 - 0x00007ffa7faf9000 	C:\Users\arjun\.jdks\openjdk-21.0.2\bin\extnet.dll
0x00007ffa64b60000 - 0x00007ffa64b84000 	C:\Users\arjun\AppData\Local\Temp\jansi-2.4.1-ba64eab0eb44227f-jansi.dll
0x00007ffa7f350000 - 0x00007ffa7f360000 	C:\Users\arjun\.jdks\openjdk-21.0.2\bin\verify.dll

dbghelp: loaded successfully - version: 4.0.5 - missing functions: none
symbol engine: initialized successfully - sym options: 0x614 - pdb path: .;C:\Users\arjun\.jdks\openjdk-21.0.2\bin;C:\WINDOWS\SYSTEM32;C:\WINDOWS\WinSxS\amd64_microsoft.windows.common-controls_6595b64144ccf1df_6.0.19041.4355_none_60b8b9eb71f62e16;C:\Users\arjun\.jdks\openjdk-21.0.2\bin\server;C:\Program Files\JetBrains\IntelliJ IDEA Community Edition 2023.1\bin;C:\Users\arjun\AppData\Local\Temp

VM Arguments:
jvm_args: -Dmaven.multiModuleProjectDirectory=C:\Java projects\prime -Djansi.passthrough=true -Dmaven.home=C:\Users\arjun\.m2\wrapper\dists\apache-maven-3.9.9-bin\4nf9hui3q3djbarqar9g711ggc\apache-maven-3.9.9 -Dclassworlds.conf=C:\Users\arjun\.m2\wrapper\dists\apache-maven-3.9.9-bin\4nf9hui3q3djbarqar9g711ggc\apache-maven-3.9.9\bin\m2.conf -Dmaven.ext.class.path=C:\Program Files\JetBrains\IntelliJ IDEA Community Edition 2023.1\plugins\maven\lib\maven-event-listener.jar -javaagent:C:\Program Files\JetBrains\IntelliJ IDEA Community Edition 2023.1\lib\idea_rt.jar=61009:C:\Program Files\JetBrains\IntelliJ IDEA Community Edition 2023.1\bin -Dfile.encoding=UTF-8 -Dsun.stdout.encoding=UTF-8 -Dsun.stderr.encoding=UTF-8 
java_command: org.codehaus.classworlds.Launcher -Didea.version=2023.1 clean install
java_class_path (initial): C:\Users\arjun\.m2\wrapper\dists\apache-maven-3.9.9-bin\4nf9hui3q3djbarqar9g711ggc\apache-maven-3.9.9\boot\plexus-classworlds-2.8.0.jar;C:\Users\arjun\.m2\wrapper\dists\apache-maven-3.9.9-bin\4nf9hui3q3djbarqar9g711ggc\apache-maven-3.9.9\boot\plexus-classworlds.license
Launcher Type: SUN_STANDARD

[Global flags]
     intx CICompilerCount                          = 3                                         {product} {ergonomic}
     uint ConcGCThreads                            = 1                                         {product} {ergonomic}
     uint G1ConcRefinementThreads                  = 4                                         {product} {ergonomic}
   size_t G1HeapRegionSize                         = 1048576                                   {product} {ergonomic}
    uintx GCDrainStackTargetSize                   = 64                                        {product} {ergonomic}
   size_t InitialHeapSize                          = 100663296                                 {product} {ergonomic}
   size_t MarkStackSize                            = 4194304                                   {product} {ergonomic}
   size_t MaxHeapSize                              = 1598029824                                {product} {ergonomic}
   size_t MaxNewSize                               = 958398464                                 {product} {ergonomic}
   size_t MinHeapDeltaBytes                        = 1048576                                   {product} {ergonomic}
   size_t MinHeapSize                              = 8388608                                   {product} {ergonomic}
    uintx NonNMethodCodeHeapSize                   = 5832780                                {pd product} {ergonomic}
    uintx NonProfiledCodeHeapSize                  = 122912730                              {pd product} {ergonomic}
    uintx ProfiledCodeHeapSize                     = 122912730                              {pd product} {ergonomic}
    uintx ReservedCodeCacheSize                    = 251658240                              {pd product} {ergonomic}
     bool SegmentedCodeCache                       = true                                      {product} {ergonomic}
   size_t SoftMaxHeapSize                          = 1598029824                             {manageable} {ergonomic}
     bool UseCompressedOops                        = true                           {product lp64_product} {ergonomic}
     bool UseG1GC                                  = true                                      {product} {ergonomic}
     bool UseLargePagesIndividualAllocation        = false                                  {pd product} {ergonomic}

Logging:
Log output configuration:
 #0: stdout all=warning uptime,level,tags foldmultilines=false
 #1: stderr all=off uptime,level,tags foldmultilines=false

Environment Variables:
PATH=D:\oracle\product\10.2.0\db_1\bin;C:\Program Files (x86)\Common Files\Oracle\Java\javapath;C:\WINDOWS\system32;C:\WINDOWS;C:\WINDOWS\System32\Wbem;C:\WINDOWS\System32\WindowsPowerShell\v1.0\;C:\WINDOWS\System32\OpenSSH\;C:\Program Files\Java\jre1.8.0_291\bin;C:\Program Files\Java\jdk1.8.0_291\bin;C:\Maven\apache-maven-3.8.1\bin;C:\Program Files\Docker\Docker\resources\bin;C:\ProgramData\DockerDesktop\version-bin;C:\Program Files (x86)\dotnet\;C:\Program Files\nodejs\;C:\Program Files\Git\cmd;C:\Program Files\MongoDB\mongosh-1.10.6-win32-x64\bin;C:\Program Files\MongoDB\Server\7.0\bin;C:\Program Files\Cloudflare\Cloudflare WARP\;C:\Program Files\MySQL\MySQL Shell 8.0\bin\;C:\Users\arjun\AppData\Local\Programs\Python\Python311\Scripts\;C:\Users\arjun\AppData\Local\Programs\Python\Python311\;C:\Users\arjun\AppData\Local\Microsoft\WindowsApps;C:\Users\arjun\AppData\Local\Programs\Microsoft VS Code\bin;C:\Program Files\JetBrains\IntelliJ IDEA 2021.2.2\bin;;C:\Users\arjun\AppData\Roaming\npm;C:\Users\arjun\AppData\Local\GitHubDesktop\bin;
USERNAME=arjun
OS=Windows_NT
PROCESSOR_IDENTIFIER=AMD64 Family 23 Model 24 Stepping 1, AuthenticAMD
TMP=C:\Users\arjun\AppData\Local\Temp
TEMP=C:\Users\arjun\AppData\Local\Temp




Periodic native trim disabled

---------------  S Y S T E M  ---------------

OS:
 Windows 10 , 64 bit Build 19041 (10.0.19041.5072)
OS uptime: 8 days 21:15 hours
Hyper-V role detected

CPU: total 4 (initial active 4) (4 cores per cpu, 1 threads per core) family 23 model 24 stepping 1 microcode 0x0, cx8, cmov, fxsr, mmx, 3dnowpref, sse, sse2, sse3, ssse3, sse4a, sse4.1, sse4.2, popcnt, lzcnt, tsc, tscinvbit, avx, avx2, aes, clmul, bmi1, bmi2, adx, sha, fma, vzeroupper, clflush, clflushopt, hv, rdtscp, f16c
Processor Information for all 4 processors :
  Max Mhz: 2100, Current Mhz: 2100, Mhz Limit: 2100

Memory: 4k page, system-wide physical 6090M (369M free)
TotalPageFile size 9090M (AvailPageFile size 5M)
current process WorkingSet (physical memory assigned to process): 305M, peak: 307M
current process commit charge ("private bytes"): 332M, peak: 334M

vm_info: OpenJDK 64-Bit Server VM (21.0.2+13-58) for windows-amd64 JRE (21.0.2+13-58), built on 2024-01-05T18:32:24Z by "mach5one" with MS VC++ 17.1 (VS2022)

END.
